\BOOKMARK [0][-]{section*.1}{\315ndice de contenidos}{}% 1
\BOOKMARK [0][-]{section*.3}{Resumen}{}% 2
\BOOKMARK [0][-]{chapter.1}{Introducci\363n}{}% 3
\BOOKMARK [1][-]{section.1.1}{Motivaci\363n}{chapter.1}% 4
\BOOKMARK [1][-]{section.1.2}{Cristalograf\355a de Rayos X}{chapter.1}% 5
\BOOKMARK [2][-]{subsection.1.2.1}{Estudios de ancho de pico: Revisi\363n bibliogr\341fica y estado del arte}{section.1.2}% 6
\BOOKMARK [2][-]{subsection.1.2.2}{Contribuci\363n de las fallas de apilamiento al ensanchamiento de pico}{section.1.2}% 7
\BOOKMARK [2][-]{subsection.1.2.3}{El m\351todo CMWP}{section.1.2}% 8
\BOOKMARK [2][-]{subsection.1.2.4}{El M\351todo de Langford}{section.1.2}% 9
\BOOKMARK [1][-]{section.1.3}{Difracci\363n de electrones retrodifundidos}{chapter.1}% 10
\BOOKMARK [1][-]{section.1.4}{Textura cristalogr\341fica}{chapter.1}% 11
\BOOKMARK [2][-]{subsection.1.4.1}{Determinaci\363n de la FDO}{section.1.4}% 12
\BOOKMARK [2][-]{subsection.1.4.2}{FDO y FDO generalizada}{section.1.4}% 13
\BOOKMARK [1][-]{section.1.5}{Organizaci\363n de la tesis}{chapter.1}% 14
\BOOKMARK [0][-]{chapter.2}{Materiales y m\351todos}{}% 15
\BOOKMARK [1][-]{section.2.1}{Experimentos de difracci\363n de rayos X}{chapter.2}% 16
\BOOKMARK [2][-]{subsection.2.1.1}{Contribuciones instrumentales al ancho de pico}{section.2.1}% 17
\BOOKMARK [2][-]{subsection.2.1.2}{Post-procesamiento de los datos}{section.2.1}% 18
\BOOKMARK [1][-]{section.2.2}{Mediciones de EBSD}{chapter.2}% 19
\BOOKMARK [0][-]{chapter.3}{Estudio sobre el acero libre de intersticiales}{}% 20
\BOOKMARK [1][-]{section.3.1}{Textura}{chapter.3}% 21
\BOOKMARK [1][-]{section.3.2}{Estudio de la microestructura por el m\351todo CMWP}{chapter.3}% 22
\BOOKMARK [1][-]{section.3.3}{Estudio de la microestructura por el m\351todo de Langford y figuras de polos generalizadas}{chapter.3}% 23
\BOOKMARK [1][-]{section.3.4}{Estudio de la microestructura por EBSD}{chapter.3}% 24
\BOOKMARK [1][-]{section.3.5}{Estudio sobre muestras recocidas}{chapter.3}% 25
\BOOKMARK [2][-]{subsection.3.5.1}{M\351todo de Langford}{section.3.5}% 26
\BOOKMARK [2][-]{subsection.3.5.2}{EBSD}{section.3.5}% 27
\BOOKMARK [1][-]{section.3.6}{Discusi\363n de resultados}{chapter.3}% 28
\BOOKMARK [1][-]{section.3.7}{Conclusiones}{chapter.3}% 29
\BOOKMARK [0][-]{chapter.4}{Estudio sobre el acero F138}{}% 30
\BOOKMARK [1][-]{section.4.1}{Estado del arte en el estudio de la microestructura}{chapter.4}% 31
\BOOKMARK [1][-]{section.4.2}{Estudio de la microestructura por el m\351todo de Langford y figuras de polos generalizadas}{chapter.4}% 32
\BOOKMARK [1][-]{section.4.3}{Discusi\363n de resultados}{chapter.4}% 33
\BOOKMARK [1][-]{section.4.4}{Conclusiones}{chapter.4}% 34
\BOOKMARK [0][-]{chapter.5}{Estudio sobre el Aluminio 1050 laminado sim\351tricamente}{}% 35
\BOOKMARK [1][-]{section.5.1}{An\341lisis de la textura}{chapter.5}% 36
\BOOKMARK [1][-]{section.5.2}{Estudio de la microestructura de la muestra AlC por el m\351todo de Langford y figuras de polos generalizadas}{chapter.5}% 37
\BOOKMARK [1][-]{section.5.3}{Estudio de la microestructura de la muestra AlL por el m\351todo de Langford y figuras de polos generalizadas}{chapter.5}% 38
\BOOKMARK [1][-]{section.5.4}{Estudio de la microestructura por EBSD - Revisi\363n}{chapter.5}% 39
\BOOKMARK [1][-]{section.5.5}{Discusi\363n de resultados}{chapter.5}% 40
\BOOKMARK [1][-]{section.5.6}{Conclusiones}{chapter.5}% 41
\BOOKMARK [0][-]{chapter.6}{Estudio sobre el Aluminio 1050 laminado asim\351tricamente}{}% 42
\BOOKMARK [1][-]{section.6.1}{Estudio de la microestructura por el m\351todo de Langford y figuras de polos generalizadas}{chapter.6}% 43
\BOOKMARK [1][-]{section.6.2}{Discusi\363n de resultados}{chapter.6}% 44
\BOOKMARK [1][-]{section.6.3}{Conclusiones}{chapter.6}% 45
\BOOKMARK [0][-]{appendix.Alph1}{Archivos auxiliares}{}% 46
\BOOKMARK [1][-]{section.Alph1.1}{Datos de entrada de IDEA}{appendix.Alph1}% 47
\BOOKMARK [2][-]{subsection.Alph1.1.1}{Archivo data\137info\1371.ini}{section.Alph1.1}% 48
\BOOKMARK [2][-]{subsection.Alph1.1.2}{Archivo fit\137ini\1372.ini}{section.Alph1.1}% 49
\BOOKMARK [2][-]{subsection.Alph1.1.3}{Archivo IRF\1373.dat}{section.Alph1.1}% 50
\BOOKMARK [1][-]{section.Alph1.2}{Datos de entrada de IDEA-CMWP}{appendix.Alph1}% 51
\BOOKMARK [2][-]{subsection.Alph1.2.1}{Archivo data\137info\1371.ini}{section.Alph1.2}% 52
\BOOKMARK [2][-]{subsection.Alph1.2.2}{Archivo fit\137strategy\1372.ini}{section.Alph1.2}% 53
\BOOKMARK [2][-]{subsection.Alph1.2.3}{Archivo sample.dat.ini \(CMWP\)}{section.Alph1.2}% 54
\BOOKMARK [2][-]{subsection.Alph1.2.4}{Archivo sample.dat.fit.ini \(CMWP\)}{section.Alph1.2}% 55
\BOOKMARK [2][-]{subsection.Alph1.2.5}{Archivo sample.dat.q.ini \(CMWP\)}{section.Alph1.2}% 56
\BOOKMARK [0][-]{section*.55}{Bibliograf\355a}{}% 57
\BOOKMARK [0][-]{section*.57}{\315ndice de figuras}{}% 58
\BOOKMARK [0][-]{section*.59}{\315ndice de tablas}{}% 59
\BOOKMARK [0][-]{section*.61}{\315ndice de s\355mbolos}{}% 60
