This is pdfTeX, Version 3.1415926-1.40.10 (TeX Live 2009/Debian) (format=pdflatex 2012.12.6)  17 DEC 2012 18:24
entering extended mode
 file:line:error style messages enabled.
 %&-line parsing enabled.
**tesis.tex
(./tesis.tex
LaTeX2e <2009/09/24>
Babel <v3.8l> and hyphenation patterns for english, usenglishmax, dumylang, noh
yphenation, spanish, galician, catalan, loaded.
(./ibtesis.cls
Document Class: ibtesis 2010/10/25 v0.8 (a4 paper) IB - UnCuyo
(/usr/share/texmf-texlive/tex/latex/base/book.cls
Document Class: book 2007/10/19 v1.4h Standard LaTeX document class
(/usr/share/texmf-texlive/tex/latex/base/bk12.clo
File: bk12.clo 2007/10/19 v1.4h Standard LaTeX file (size option)
)
\c@part=\count79
\c@chapter=\count80
\c@section=\count81
\c@subsection=\count82
\c@subsubsection=\count83
\c@paragraph=\count84
\c@subparagraph=\count85
\c@figure=\count86
\c@table=\count87
\abovecaptionskip=\skip41
\belowcaptionskip=\skip42
\bibindent=\dimen102
)
(/usr/share/texmf-texlive/tex/generic/oberdiek/ifpdf.sty
Package: ifpdf 2009/04/10 v2.0 Provides the ifpdf switch (HO)
Package ifpdf Info: pdfTeX in pdf mode detected.
)
(/usr/share/texmf-texlive/tex/generic/babel/babel.sty
Package: babel 2008/07/06 v3.8l The Babel package

(/usr/share/texmf-texlive/tex/generic/babel/english.ldf
Language: english 2005/03/30 v3.3o English support from the babel system

(/usr/share/texmf-texlive/tex/generic/babel/babel.def
File: babel.def 2008/07/06 v3.8l Babel common definitions
\babel@savecnt=\count88
\U@D=\dimen103
)
\l@british = a dialect from \language\l@english 
\l@UKenglish = a dialect from \language\l@english 
\l@canadian = a dialect from \language\l@american 
\l@australian = a dialect from \language\l@british 
\l@newzealand = a dialect from \language\l@british 
)
(/usr/share/texmf-texlive/tex/generic/babel/spanish.ldf
Language: spanish.ldf 2009/01/02 v5.0h Spanish support from the babel system
\es@datefmt=\count89
\es@quottoks=\toks14
\es@quotdepth=\count90
Package babel Info: Making " an active character on input line 492.
Package babel Info: Making . an active character on input line 585.
Package babel Info: Making < an active character on input line 630.
Package babel Info: Making > an active character on input line 630.
))
(/usr/share/texmf-texlive/tex/latex/base/makeidx.sty
Package: makeidx 2000/03/29 v1.0m Standard LaTeX package
)
(/usr/share/texmf-texlive/tex/latex/caption/caption.sty
Package: caption 2009/10/09 v3.1k Customizing captions (AR)

(/usr/share/texmf-texlive/tex/latex/caption/caption3.sty
Package: caption3 2009/10/09 v3.1k caption3 kernel (AR)

(/usr/share/texmf-texlive/tex/latex/graphics/keyval.sty
Package: keyval 1999/03/16 v1.13 key=value parser (DPC)
\KV@toks@=\toks15
)
\captionmargin=\dimen104
\captionmargin@=\dimen105
\captionwidth=\dimen106
\caption@indent=\dimen107
\caption@parindent=\dimen108
\caption@hangindent=\dimen109
)
\c@ContinuedFloat=\count91
)
(/usr/share/texmf-texlive/tex/latex/yafoot/fnpos.sty
Package: fnpos 1999/07/14 v1.0 
)
(/usr/share/texmf-texlive/tex/latex/amsmath/amsmath.sty
Package: amsmath 2000/07/18 v2.13 AMS math features
\@mathmargin=\skip43

For additional information on amsmath, use the `?' option.
(/usr/share/texmf-texlive/tex/latex/amsmath/amstext.sty
Package: amstext 2000/06/29 v2.01

(/usr/share/texmf-texlive/tex/latex/amsmath/amsgen.sty
File: amsgen.sty 1999/11/30 v2.0
\@emptytoks=\toks16
\ex@=\dimen110
))
(/usr/share/texmf-texlive/tex/latex/amsmath/amsbsy.sty
Package: amsbsy 1999/11/29 v1.2d
\pmbraise@=\dimen111
)
(/usr/share/texmf-texlive/tex/latex/amsmath/amsopn.sty
Package: amsopn 1999/12/14 v2.01 operator names
)
\inf@bad=\count92
LaTeX Info: Redefining \frac on input line 211.
\uproot@=\count93
\leftroot@=\count94
LaTeX Info: Redefining \overline on input line 307.
\classnum@=\count95
\DOTSCASE@=\count96
LaTeX Info: Redefining \ldots on input line 379.
LaTeX Info: Redefining \dots on input line 382.
LaTeX Info: Redefining \cdots on input line 467.
\Mathstrutbox@=\box26
\strutbox@=\box27
\big@size=\dimen112
LaTeX Font Info:    Redeclaring font encoding OML on input line 567.
LaTeX Font Info:    Redeclaring font encoding OMS on input line 568.
\macc@depth=\count97
\c@MaxMatrixCols=\count98
\dotsspace@=\muskip10
\c@parentequation=\count99
\dspbrk@lvl=\count100
\tag@help=\toks17
\row@=\count101
\column@=\count102
\maxfields@=\count103
\andhelp@=\toks18
\eqnshift@=\dimen113
\alignsep@=\dimen114
\tagshift@=\dimen115
\tagwidth@=\dimen116
\totwidth@=\dimen117
\lineht@=\dimen118
\@envbody=\toks19
\multlinegap=\skip44
\multlinetaggap=\skip45
\mathdisplay@stack=\toks20
LaTeX Info: Redefining \[ on input line 2666.
LaTeX Info: Redefining \] on input line 2667.
)
(/usr/share/texmf-texlive/tex/latex/tools/bm.sty
Package: bm 2004/02/26 v1.1c Bold Symbol Support (DPC/FMi)
\symboldoperators=\mathgroup4
\symboldletters=\mathgroup5
\symboldsymbols=\mathgroup6
LaTeX Font Info:    Redeclaring math alphabet \mathbf on input line 138.
LaTeX Info: Redefining \bm on input line 204.
)
(/usr/share/texmf-texlive/tex/latex/graphics/graphicx.sty
Package: graphicx 1999/02/16 v1.0f Enhanced LaTeX Graphics (DPC,SPQR)

(/usr/share/texmf-texlive/tex/latex/graphics/graphics.sty
Package: graphics 2009/02/05 v1.0o Standard LaTeX Graphics (DPC,SPQR)

(/usr/share/texmf-texlive/tex/latex/graphics/trig.sty
Package: trig 1999/03/16 v1.09 sin cos tan (DPC)
)
(/etc/texmf/tex/latex/config/graphics.cfg
File: graphics.cfg 2009/08/28 v1.8 graphics configuration of TeX Live
)
Package graphics Info: Driver file: pdftex.def on input line 91.

(/usr/share/texmf-texlive/tex/latex/pdftex-def/pdftex.def
File: pdftex.def 2010/03/12 v0.04p Graphics/color for pdfTeX
\Gread@gobject=\count104
))
\Gin@req@height=\dimen119
\Gin@req@width=\dimen120
)
(/usr/share/texmf-texlive/tex/latex/graphics/color.sty
Package: color 2005/11/14 v1.0j Standard LaTeX Color (DPC)

(/etc/texmf/tex/latex/config/color.cfg
File: color.cfg 2007/01/18 v1.5 color configuration of teTeX/TeXLive
)
Package color Info: Driver file: pdftex.def on input line 130.
)
(/usr/share/texmf-texlive/tex/latex/fancyhdr/fancyhdr.sty
\fancy@headwidth=\skip46
\f@ncyO@elh=\skip47
\f@ncyO@erh=\skip48
\f@ncyO@olh=\skip49
\f@ncyO@orh=\skip50
\f@ncyO@elf=\skip51
\f@ncyO@erf=\skip52
\f@ncyO@olf=\skip53
\f@ncyO@orf=\skip54
)
(/usr/share/texmf-texlive/tex/latex/changepage/changepage.sty
Package: changepage 2009/10/20 v1.0c check page and change page layout
\c@cp@cntr=\count105
\cp@tempcnt=\count106
)
(/usr/share/texmf-texlive/tex/latex/tools/calc.sty
Package: calc 2007/08/22 v4.3 Infix arithmetic (KKT,FJ)
\calc@Acount=\count107
\calc@Bcount=\count108
\calc@Adimen=\dimen121
\calc@Bdimen=\dimen122
\calc@Askip=\skip55
\calc@Bskip=\skip56
LaTeX Info: Redefining \setlength on input line 76.
LaTeX Info: Redefining \addtolength on input line 77.
\calc@Ccount=\count109
\calc@Cskip=\skip57
)
(/usr/share/texmf-texlive/tex/latex/geometry/geometry.sty
Package: geometry 2008/12/21 v4.2 Page Geometry

(/usr/share/texmf-texlive/tex/generic/oberdiek/ifvtex.sty
Package: ifvtex 2008/11/04 v1.4 Switches for detecting VTeX and its modes (HO)
Package ifvtex Info: VTeX not detected.
)
\Gm@cnth=\count110
\Gm@cntv=\count111
\c@Gm@tempcnt=\count112
\Gm@bindingoffset=\dimen123
\Gm@wd@mp=\dimen124
\Gm@odd@mp=\dimen125
\Gm@even@mp=\dimen126
\Gm@dimlist=\toks21
)
(/usr/share/texmf-texlive/tex/latex/setspace/setspace.sty
Package: setspace 2000/12/01 6.7 Contributed and Supported LaTeX2e package

Package: `setspace' 6.7 <2000/12/01>
) (/usr/share/texmf-texlive/tex/latex/hyperref/hyperref.sty
Package: hyperref 2009/10/09 v6.79a Hypertext links for LaTeX

(/usr/share/texmf-texlive/tex/generic/ifxetex/ifxetex.sty
Package: ifxetex 2009/01/23 v0.5 Provides ifxetex conditional
)
(/usr/share/texmf-texlive/tex/latex/oberdiek/hycolor.sty
Package: hycolor 2009/10/02 v1.5 Code for color options of hyperref/bookmark (H
O)

(/usr/share/texmf-texlive/tex/latex/oberdiek/xcolor-patch.sty
Package: xcolor-patch 2009/10/02 xcolor patch
))
\@linkdim=\dimen127
\Hy@linkcounter=\count113
\Hy@pagecounter=\count114

(/usr/share/texmf-texlive/tex/latex/hyperref/pd1enc.def
File: pd1enc.def 2009/10/09 v6.79a Hyperref: PDFDocEncoding definition (HO)
)
(/usr/share/texmf-texlive/tex/generic/oberdiek/etexcmds.sty
Package: etexcmds 2007/12/12 v1.2 Prefix for e-TeX command names (HO)

(/usr/share/texmf-texlive/tex/generic/oberdiek/infwarerr.sty
Package: infwarerr 2007/09/09 v1.2 Providing info/warning/message (HO)
)
Package etexcmds Info: Could not find \expanded.
(etexcmds)             That can mean that you are not using pdfTeX 1.50 or
(etexcmds)             that some package has redefined \expanded.
(etexcmds)             In the latter case, load this package earlier.
)
(/usr/share/texmf-texlive/tex/latex/latexconfig/hyperref.cfg
File: hyperref.cfg 2002/06/06 v1.2 hyperref configuration of TeXLive
)
(/usr/share/texmf-texlive/tex/latex/oberdiek/kvoptions.sty
Package: kvoptions 2009/08/13 v3.4 Keyval support for LaTeX options (HO)

(/usr/share/texmf-texlive/tex/generic/oberdiek/kvsetkeys.sty
Package: kvsetkeys 2009/07/30 v1.5 Key value parser with default handler suppor
t (HO)
))
Package hyperref Info: Hyper figures OFF on input line 2975.
Package hyperref Info: Link nesting OFF on input line 2980.
Package hyperref Info: Hyper index ON on input line 2983.
Package hyperref Info: Plain pages OFF on input line 2990.
Package hyperref Info: Backreferencing OFF on input line 2995.

Implicit mode ON; LaTeX internals redefined
Package hyperref Info: Bookmarks ON on input line 3191.
(/usr/share/texmf-texlive/tex/latex/ltxmisc/url.sty
\Urlmuskip=\muskip11
Package: url 2006/04/12  ver 3.3  Verb mode for urls, etc.
)
LaTeX Info: Redefining \url on input line 3428.

(/usr/share/texmf-texlive/tex/generic/oberdiek/bitset.sty
Package: bitset 2007/09/28 v1.0 Data type bit set (HO)

(/usr/share/texmf-texlive/tex/generic/oberdiek/intcalc.sty
Package: intcalc 2007/09/27 v1.1 Expandable integer calculations (HO)
)
(/usr/share/texmf-texlive/tex/generic/oberdiek/bigintcalc.sty
Package: bigintcalc 2007/11/11 v1.1 Expandable big integer calculations (HO)

(/usr/share/texmf-texlive/tex/generic/oberdiek/pdftexcmds.sty
Package: pdftexcmds 2009/09/23 v0.6 LuaTeX support for pdfTeX utility functions
 (HO)

(/usr/share/texmf-texlive/tex/generic/oberdiek/ifluatex.sty
Package: ifluatex 2009/04/17 v1.2 Provides the ifluatex switch (HO)
Package ifluatex Info: LuaTeX not detected.
)
(/usr/share/texmf-texlive/tex/generic/oberdiek/ltxcmds.sty
Package: ltxcmds 2009/08/05 v1.0 Some LaTeX kernel commands for general use (HO
)
)
Package pdftexcmds Info: LuaTeX not detected.
Package pdftexcmds Info: \pdf@primitive is available.
Package pdftexcmds Info: \pdf@ifprimitive is available.
)))
\Fld@menulength=\count115
\Field@Width=\dimen128
\Fld@charsize=\dimen129
\Field@toks=\toks22
Package hyperref Info: Hyper figures OFF on input line 4377.
Package hyperref Info: Link nesting OFF on input line 4382.
Package hyperref Info: Hyper index ON on input line 4385.
Package hyperref Info: backreferencing OFF on input line 4392.
Package hyperref Info: Link coloring OFF on input line 4397.
Package hyperref Info: Link coloring with OCG OFF on input line 4402.
Package hyperref Info: PDF/A mode OFF on input line 4407.

(/usr/share/texmf-texlive/tex/generic/oberdiek/atbegshi.sty
Package: atbegshi 2008/07/31 v1.9 At begin shipout hook (HO)
)
\Hy@abspage=\count116
\c@Item=\count117
\c@Hfootnote=\count118
)
*hyperref using default driver hpdftex*
(/usr/share/texmf-texlive/tex/latex/hyperref/hpdftex.def
File: hpdftex.def 2009/10/09 v6.79a Hyperref driver for pdfTeX
\Fld@listcount=\count119
)
Package hyperref Info: Option `colorlinks' set `false' on input line 72.
LaTeX Info: Redefining \es@scroman on input line 95.


Package Fancyhdr Warning: \fancyhead's `E' option without twoside option is use
less on input line 226.


Package Fancyhdr Warning: \fancyhead's `E' option without twoside option is use
less on input line 227.

\imsizeL=\skip58
\imsize=\skip59
\imsizeS=\skip60
) (./ibextra.sty (/usr/share/texmf-texlive/tex/latex/base/inputenc.sty
Package: inputenc 2008/03/30 v1.1d Input encoding file
\inpenc@prehook=\toks23
\inpenc@posthook=\toks24

(/usr/share/texmf-texlive/tex/latex/base/utf8.def
File: utf8.def 2008/04/05 v1.1m UTF-8 support for inputenc
Now handling font encoding OML ...
... no UTF-8 mapping file for font encoding OML
Now handling font encoding T1 ...
... processing UTF-8 mapping file for font encoding T1

(/usr/share/texmf-texlive/tex/latex/base/t1enc.dfu
File: t1enc.dfu 2008/04/05 v1.1m UTF-8 support for inputenc
   defining Unicode char U+00A1 (decimal 161)
   defining Unicode char U+00A3 (decimal 163)
   defining Unicode char U+00AB (decimal 171)
   defining Unicode char U+00BB (decimal 187)
   defining Unicode char U+00BF (decimal 191)
   defining Unicode char U+00C0 (decimal 192)
   defining Unicode char U+00C1 (decimal 193)
   defining Unicode char U+00C2 (decimal 194)
   defining Unicode char U+00C3 (decimal 195)
   defining Unicode char U+00C4 (decimal 196)
   defining Unicode char U+00C5 (decimal 197)
   defining Unicode char U+00C6 (decimal 198)
   defining Unicode char U+00C7 (decimal 199)
   defining Unicode char U+00C8 (decimal 200)
   defining Unicode char U+00C9 (decimal 201)
   defining Unicode char U+00CA (decimal 202)
   defining Unicode char U+00CB (decimal 203)
   defining Unicode char U+00CC (decimal 204)
   defining Unicode char U+00CD (decimal 205)
   defining Unicode char U+00CE (decimal 206)
   defining Unicode char U+00CF (decimal 207)
   defining Unicode char U+00D0 (decimal 208)
   defining Unicode char U+00D1 (decimal 209)
   defining Unicode char U+00D2 (decimal 210)
   defining Unicode char U+00D3 (decimal 211)
   defining Unicode char U+00D4 (decimal 212)
   defining Unicode char U+00D5 (decimal 213)
   defining Unicode char U+00D6 (decimal 214)
   defining Unicode char U+00D8 (decimal 216)
   defining Unicode char U+00D9 (decimal 217)
   defining Unicode char U+00DA (decimal 218)
   defining Unicode char U+00DB (decimal 219)
   defining Unicode char U+00DC (decimal 220)
   defining Unicode char U+00DD (decimal 221)
   defining Unicode char U+00DE (decimal 222)
   defining Unicode char U+00DF (decimal 223)
   defining Unicode char U+00E0 (decimal 224)
   defining Unicode char U+00E1 (decimal 225)
   defining Unicode char U+00E2 (decimal 226)
   defining Unicode char U+00E3 (decimal 227)
   defining Unicode char U+00E4 (decimal 228)
   defining Unicode char U+00E5 (decimal 229)
   defining Unicode char U+00E6 (decimal 230)
   defining Unicode char U+00E7 (decimal 231)
   defining Unicode char U+00E8 (decimal 232)
   defining Unicode char U+00E9 (decimal 233)
   defining Unicode char U+00EA (decimal 234)
   defining Unicode char U+00EB (decimal 235)
   defining Unicode char U+00EC (decimal 236)
   defining Unicode char U+00ED (decimal 237)
   defining Unicode char U+00EE (decimal 238)
   defining Unicode char U+00EF (decimal 239)
   defining Unicode char U+00F0 (decimal 240)
   defining Unicode char U+00F1 (decimal 241)
   defining Unicode char U+00F2 (decimal 242)
   defining Unicode char U+00F3 (decimal 243)
   defining Unicode char U+00F4 (decimal 244)
   defining Unicode char U+00F5 (decimal 245)
   defining Unicode char U+00F6 (decimal 246)
   defining Unicode char U+00F8 (decimal 248)
   defining Unicode char U+00F9 (decimal 249)
   defining Unicode char U+00FA (decimal 250)
   defining Unicode char U+00FB (decimal 251)
   defining Unicode char U+00FC (decimal 252)
   defining Unicode char U+00FD (decimal 253)
   defining Unicode char U+00FE (decimal 254)
   defining Unicode char U+00FF (decimal 255)
   defining Unicode char U+0102 (decimal 258)
   defining Unicode char U+0103 (decimal 259)
   defining Unicode char U+0104 (decimal 260)
   defining Unicode char U+0105 (decimal 261)
   defining Unicode char U+0106 (decimal 262)
   defining Unicode char U+0107 (decimal 263)
   defining Unicode char U+010C (decimal 268)
   defining Unicode char U+010D (decimal 269)
   defining Unicode char U+010E (decimal 270)
   defining Unicode char U+010F (decimal 271)
   defining Unicode char U+0110 (decimal 272)
   defining Unicode char U+0111 (decimal 273)
   defining Unicode char U+0118 (decimal 280)
   defining Unicode char U+0119 (decimal 281)
   defining Unicode char U+011A (decimal 282)
   defining Unicode char U+011B (decimal 283)
   defining Unicode char U+011E (decimal 286)
   defining Unicode char U+011F (decimal 287)
   defining Unicode char U+0130 (decimal 304)
   defining Unicode char U+0131 (decimal 305)
   defining Unicode char U+0132 (decimal 306)
   defining Unicode char U+0133 (decimal 307)
   defining Unicode char U+0139 (decimal 313)
   defining Unicode char U+013A (decimal 314)
   defining Unicode char U+013D (decimal 317)
   defining Unicode char U+013E (decimal 318)
   defining Unicode char U+0141 (decimal 321)
   defining Unicode char U+0142 (decimal 322)
   defining Unicode char U+0143 (decimal 323)
   defining Unicode char U+0144 (decimal 324)
   defining Unicode char U+0147 (decimal 327)
   defining Unicode char U+0148 (decimal 328)
   defining Unicode char U+014A (decimal 330)
   defining Unicode char U+014B (decimal 331)
   defining Unicode char U+0150 (decimal 336)
   defining Unicode char U+0151 (decimal 337)
   defining Unicode char U+0152 (decimal 338)
   defining Unicode char U+0153 (decimal 339)
   defining Unicode char U+0154 (decimal 340)
   defining Unicode char U+0155 (decimal 341)
   defining Unicode char U+0158 (decimal 344)
   defining Unicode char U+0159 (decimal 345)
   defining Unicode char U+015A (decimal 346)
   defining Unicode char U+015B (decimal 347)
   defining Unicode char U+015E (decimal 350)
   defining Unicode char U+015F (decimal 351)
   defining Unicode char U+0160 (decimal 352)
   defining Unicode char U+0161 (decimal 353)
   defining Unicode char U+0162 (decimal 354)
   defining Unicode char U+0163 (decimal 355)
   defining Unicode char U+0164 (decimal 356)
   defining Unicode char U+0165 (decimal 357)
   defining Unicode char U+016E (decimal 366)
   defining Unicode char U+016F (decimal 367)
   defining Unicode char U+0170 (decimal 368)
   defining Unicode char U+0171 (decimal 369)
   defining Unicode char U+0178 (decimal 376)
   defining Unicode char U+0179 (decimal 377)
   defining Unicode char U+017A (decimal 378)
   defining Unicode char U+017B (decimal 379)
   defining Unicode char U+017C (decimal 380)
   defining Unicode char U+017D (decimal 381)
   defining Unicode char U+017E (decimal 382)
   defining Unicode char U+200C (decimal 8204)
   defining Unicode char U+2013 (decimal 8211)
   defining Unicode char U+2014 (decimal 8212)
   defining Unicode char U+2018 (decimal 8216)
   defining Unicode char U+2019 (decimal 8217)
   defining Unicode char U+201A (decimal 8218)
   defining Unicode char U+201C (decimal 8220)
   defining Unicode char U+201D (decimal 8221)
   defining Unicode char U+201E (decimal 8222)
   defining Unicode char U+2030 (decimal 8240)
   defining Unicode char U+2031 (decimal 8241)
   defining Unicode char U+2039 (decimal 8249)
   defining Unicode char U+203A (decimal 8250)
   defining Unicode char U+2423 (decimal 9251)
)
Now handling font encoding OT1 ...
... processing UTF-8 mapping file for font encoding OT1

(/usr/share/texmf-texlive/tex/latex/base/ot1enc.dfu
File: ot1enc.dfu 2008/04/05 v1.1m UTF-8 support for inputenc
   defining Unicode char U+00A1 (decimal 161)
   defining Unicode char U+00A3 (decimal 163)
   defining Unicode char U+00B8 (decimal 184)
   defining Unicode char U+00BF (decimal 191)
   defining Unicode char U+00C5 (decimal 197)
   defining Unicode char U+00C6 (decimal 198)
   defining Unicode char U+00D8 (decimal 216)
   defining Unicode char U+00DF (decimal 223)
   defining Unicode char U+00E6 (decimal 230)
   defining Unicode char U+00EC (decimal 236)
   defining Unicode char U+00ED (decimal 237)
   defining Unicode char U+00EE (decimal 238)
   defining Unicode char U+00EF (decimal 239)
   defining Unicode char U+00F8 (decimal 248)
   defining Unicode char U+0131 (decimal 305)
   defining Unicode char U+0141 (decimal 321)
   defining Unicode char U+0142 (decimal 322)
   defining Unicode char U+0152 (decimal 338)
   defining Unicode char U+0153 (decimal 339)
   defining Unicode char U+2013 (decimal 8211)
   defining Unicode char U+2014 (decimal 8212)
   defining Unicode char U+2018 (decimal 8216)
   defining Unicode char U+2019 (decimal 8217)
   defining Unicode char U+201C (decimal 8220)
   defining Unicode char U+201D (decimal 8221)
)
Now handling font encoding OMS ...
... processing UTF-8 mapping file for font encoding OMS

(/usr/share/texmf-texlive/tex/latex/base/omsenc.dfu
File: omsenc.dfu 2008/04/05 v1.1m UTF-8 support for inputenc
   defining Unicode char U+00A7 (decimal 167)
   defining Unicode char U+00B6 (decimal 182)
   defining Unicode char U+00B7 (decimal 183)
   defining Unicode char U+2020 (decimal 8224)
   defining Unicode char U+2021 (decimal 8225)
   defining Unicode char U+2022 (decimal 8226)
)
Now handling font encoding OMX ...
... no UTF-8 mapping file for font encoding OMX
Now handling font encoding U ...
... no UTF-8 mapping file for font encoding U
Now handling font encoding PD1 ...
... no UTF-8 mapping file for font encoding PD1
   defining Unicode char U+00A9 (decimal 169)
   defining Unicode char U+00AA (decimal 170)
   defining Unicode char U+00AE (decimal 174)
   defining Unicode char U+00BA (decimal 186)
   defining Unicode char U+02C6 (decimal 710)
   defining Unicode char U+02DC (decimal 732)
   defining Unicode char U+200C (decimal 8204)
   defining Unicode char U+2026 (decimal 8230)
   defining Unicode char U+2122 (decimal 8482)
   defining Unicode char U+2423 (decimal 9251)
))
(/usr/share/texmf-texlive/tex/latex/base/latexsym.sty
Package: latexsym 1998/08/17 v2.2e Standard LaTeX package (lasy symbols)
\symlasy=\mathgroup7
LaTeX Font Info:    Overwriting symbol font `lasy' in version `bold'
(Font)                  U/lasy/m/n --> U/lasy/b/n on input line 47.
)
(/usr/share/texmf-texlive/tex/latex/amsfonts/amsfonts.sty
Package: amsfonts 2009/06/22 v3.00 Basic AMSFonts support
\symAMSa=\mathgroup8
\symAMSb=\mathgroup9
LaTeX Font Info:    Overwriting math alphabet `\mathfrak' in version `bold'
(Font)                  U/euf/m/n --> U/euf/b/n on input line 96.
)
(/usr/share/texmf-texlive/tex/latex/amsfonts/amssymb.sty
Package: amssymb 2009/06/22 v3.00
)
(/usr/share/texmf-texlive/tex/latex/bbm-macros/bbm.sty
Package: bbm 1999/03/15 V 1.2 provides fonts for set symbols - TH
LaTeX Font Info:    Overwriting math alphabet `\mathbbm' in version `bold'
(Font)                  U/bbm/m/n --> U/bbm/bx/n on input line 33.
LaTeX Font Info:    Overwriting math alphabet `\mathbbmss' in version `bold'
(Font)                  U/bbmss/m/n --> U/bbmss/bx/n on input line 35.
)
(/usr/share/texmf-texlive/tex/latex/subfig/subfig.sty
Package: subfig 2005/06/28 ver: 1.3 subfig package
\c@KVtest=\count120
\sf@farskip=\skip61
\sf@captopadj=\dimen130
\sf@capskip=\skip62
\sf@nearskip=\skip63
\c@subfigure=\count121
\c@subfigure@save=\count122
\c@lofdepth=\count123
\c@subtable=\count124
\c@subtable@save=\count125
\c@lotdepth=\count126
\sf@top=\skip64
\sf@bottom=\skip65
)
(/usr/share/texmf-texlive/tex/latex/natbib/natbib.sty
Package: natbib 2009/07/16 8.31 (PWD, AO)
\bibhang=\skip66
\bibsep=\skip67
LaTeX Info: Redefining \cite on input line 694.
\c@NAT@ctr=\count127
)
(/usr/share/texmf-texlive/tex/latex/nomencl/nomencl.sty
Package: nomencl 2005/09/22 v4.2 Nomenclature package (LN)
\nomlabelwidth=\dimen131
\nom@tempdim=\dimen132
\nomitemsep=\skip68
)
\@nomenclaturefile=\write3
\openout3 = `tesis.nlo'.


Writing nomenclature file tesis.nlo
) (/usr/share/texmf-texlive/tex/latex/ltxmisc/notoccite.sty
Package: notoccite 2000/07/20
)
(/usr/share/texmf-texlive/tex/latex/tools/verbatim.sty
Package: verbatim 2003/08/22 v1.5q LaTeX2e package for verbatim enhancements
\every@verbatim=\toks25
\verbatim@line=\toks26
\verbatim@in@stream=\read1
)

LaTeX Warning: Unused global option(s):
    [12pt].

(./tesis.aux (./Resumen/resumen.aux) (./Caps/intro.aux) (./Caps/dise.aux)
(./Caps/evap.aux) (./Caps/sput.aux) (./Caps/conclusiones.aux)
(./Apendice/tablas.aux))
\openout1 = `tesis.aux'.

LaTeX Font Info:    Checking defaults for OML/cmm/m/it on input line 39.
LaTeX Font Info:    ... okay on input line 39.
LaTeX Font Info:    Checking defaults for T1/cmr/m/n on input line 39.
LaTeX Font Info:    ... okay on input line 39.
LaTeX Font Info:    Checking defaults for OT1/cmr/m/n on input line 39.
LaTeX Font Info:    ... okay on input line 39.
LaTeX Font Info:    Checking defaults for OMS/cmsy/m/n on input line 39.
LaTeX Font Info:    ... okay on input line 39.
LaTeX Font Info:    Checking defaults for OMX/cmex/m/n on input line 39.
LaTeX Font Info:    ... okay on input line 39.
LaTeX Font Info:    Checking defaults for U/cmr/m/n on input line 39.
LaTeX Font Info:    ... okay on input line 39.
LaTeX Font Info:    Checking defaults for PD1/pdf/m/n on input line 39.
LaTeX Font Info:    ... okay on input line 39.
Package caption Info: Begin \AtBeginDocument code.
Package caption3 Info: subfig package 1.2 or 1.3 is loaded.
LaTeX Info: Redefining \subref on input line 39.
Package caption Info: hyperref package is loaded.
Package caption Info: End \AtBeginDocument code.

(/usr/share/texmf-texlive/tex/context/base/supp-pdf.mkii
[Loading MPS to PDF converter (version 2006.09.02).]
\scratchcounter=\count128
\scratchdimen=\dimen133
\scratchbox=\box28
\nofMPsegments=\count129
\nofMParguments=\count130
\everyMPshowfont=\toks27
\MPscratchCnt=\count131
\MPscratchDim=\dimen134
\MPnumerator=\count132
\everyMPtoPDFconversion=\toks28
)
*geometry auto-detecting driver*
*geometry detected driver: pdftex*
-------------------- Geometry parameters
paper: a4paper
landscape: --
twocolumn: --
twoside: --
asymmetric: --
h-parts: 85.35826pt, 441.01772pt, 71.1319pt
v-parts: 85.35826pt, 728.39055pt, 31.29803pt
hmarginratio: --
vmarginratio: --
lines: --
heightrounded: --
bindingoffset: 0.0pt
truedimen: --
includehead: --
includefoot: true
includemp: --
driver: pdftex
-------------------- Page layout dimensions and switches
\paperwidth  597.50787pt
\paperheight 845.04684pt
\textwidth  441.01772pt
\textheight 698.39055pt
\oddsidemargin  13.08827pt
\evensidemargin 13.08827pt
\topmargin  -18.78552pt
\headheight 15.6pt
\headsep    19.8738pt
\footskip   30.0pt
\marginparwidth 47.0pt
\marginparsep   7.0pt
\columnsep  10.0pt
\skip\footins  10.8pt plus 4.0pt minus 2.0pt
\hoffset 0.0pt
\voffset 0.0pt
\mag 1000

(1in=72.27pt, 1cm=28.45pt)
-----------------------
Package hyperref Info: Link coloring OFF on input line 39.
(/usr/share/texmf-texlive/tex/latex/hyperref/nameref.sty
Package: nameref 2007/05/29 v2.31 Cross-referencing by name of section

(/usr/share/texmf-texlive/tex/latex/oberdiek/refcount.sty
Package: refcount 2008/08/11 v3.1 Data extraction from references (HO)
)
\c@section@level=\count133
)
LaTeX Info: Redefining \ref on input line 39.
LaTeX Info: Redefining \pageref on input line 39.
 (./tesis.out)
(./tesis.out)
\@outlinefile=\write4
\openout4 = `tesis.out'.

\AtBeginShipoutBox=\box29
LaTeX Font Info:    Try loading font information for U+lasy on input line 44.
 (/usr/share/texmf-texlive/tex/latex/base/ulasy.fd
File: ulasy.fd 1998/08/17 v2.2e LaTeX symbol font definitions
)
LaTeX Font Info:    Try loading font information for U+msa on input line 44.

(/usr/share/texmf-texlive/tex/latex/amsfonts/umsa.fd
File: umsa.fd 2009/06/22 v3.00 AMS symbols A
)
LaTeX Font Info:    Try loading font information for U+msb on input line 44.

(/usr/share/texmf-texlive/tex/latex/amsfonts/umsb.fd
File: umsb.fd 2009/06/22 v3.00 AMS symbols B
)

Package hyperref Warning: Token not allowed in a PDF string (PDFDocEncoding):
(hyperref)                removing `math shift' on input line 44.


Package hyperref Warning: Token not allowed in a PDF string (PDFDocEncoding):
(hyperref)                removing `subscript' on input line 44.


Package hyperref Warning: Token not allowed in a PDF string (PDFDocEncoding):
(hyperref)                removing `math shift' on input line 44.


Package hyperref Warning: Token not allowed in a PDF string (PDFDocEncoding):
(hyperref)                removing `math shift' on input line 44.


Package hyperref Warning: Token not allowed in a PDF string (PDFDocEncoding):
(hyperref)                removing `subscript' on input line 44.


Package hyperref Warning: Token not allowed in a PDF string (PDFDocEncoding):
(hyperref)                removing `math shift' on input line 44.

[1



{/var/lib/texmf/fonts/map/pdftex/updmap/pdftex.map}]pdfTeX warning (ext4): dest
ination with the same identifier (name{page.I}) has been already used, duplicat
e ignored
<to be read again> 
                   \relax 
l.52 }
       [1

] (./tesis.toc [2



])
\tf@toc=\write5
\openout5 = `tesis.toc'.



Package Fancyhdr Warning: \headheight is too small (15.6pt): 
 Make it at least 15.68335pt.
 We now make it that large for the rest of the document.
 This may cause the page layout to be inconsistent, however.

[3] (./tesis.lof [4


]
Overfull \hbox (0.99167pt too wide) in paragraph at lines 41--41
 [][] [][]\OT1/cmr/m/n/12 Magnetizaci^^Son en fun-ci^^Son de la tem-pe-ra-tu-ra
 pa-ra la mues-tra BMB2S3B2, 
 []

)
\tf@lof=\write6
\openout6 = `tesis.lof'.



Package Fancyhdr Warning: \headheight is too small (15.6pt): 
 Make it at least 15.68335pt.
 We now make it that large for the rest of the document.
 This may cause the page layout to be inconsistent, however.

[5] (./tesis.lot)
\tf@lot=\write7
\openout7 = `tesis.lot'.

 [6


] (./tesis.nls
Underfull \hbox (badness 10000) in paragraph at lines 1--1

 []


Underfull \hbox (badness 10000) in paragraph at lines 1--1

 []

[7


])

Package Fancyhdr Warning: \headheight is too small (15.6pt): 
 Make it at least 15.68335pt.
 We now make it that large for the rest of the document.
 This may cause the page layout to be inconsistent, however.

[8]
\openout2 = `./Resumen/resumen.aux'.

 (./Resumen/resumen.tex [9



] [10])
\openout2 = `./Caps/intro.aux'.

 (./Caps/intro.tex
Cap\'{\i }tulo 1.
<./figs/intro/tecnicas.png, id=390, 721.19438pt x 770.88pt>
File: ./figs/intro/tecnicas.png Graphic file (type png)

<use ./figs/intro/tecnicas.png> [1





] [2 <./figs/intro/tecnicas.png (PNG copy)>]
<./figs/intro/secceff.jpg, id=414, 605.26125pt x 365.11406pt>
File: ./figs/intro/secceff.jpg Graphic file (type jpg)

<use ./figs/intro/secceff.jpg> [3 <./figs/intro/secceff.jpg (PNG copy)>]
[4] [5]

Package hyperref Warning: Token not allowed in a PDF string (PDFDocEncoding):
(hyperref)                removing `math shift' on input line 86.


Package hyperref Warning: Token not allowed in a PDF string (PDFDocEncoding):
(hyperref)                removing `subscript' on input line 86.


Package hyperref Warning: Token not allowed in a PDF string (PDFDocEncoding):
(hyperref)                removing `math shift' on input line 86.

<./figs/intro/estructura.png, id=466, 196.48407pt x 172.39406pt>
File: ./figs/intro/estructura.png Graphic file (type png)

<use ./figs/intro/estructura.png> [6]

Package hyperref Warning: Token not allowed in a PDF string (PDFDocEncoding):
(hyperref)                removing `math shift' on input line 112.


Package hyperref Warning: Token not allowed in a PDF string (PDFDocEncoding):
(hyperref)                removing `subscript' on input line 112.


Package hyperref Warning: Token not allowed in a PDF string (PDFDocEncoding):
(hyperref)                removing `math shift' on input line 112.

[7 <./figs/intro/estructura.png (PNG copy)>] [8]) [9]
\openout2 = `./Caps/dise.aux'.

 (./Caps/dise.tex
Cap\'{\i }tulo 2.
[10



] <figs/dise/Hexy.png, id=549, 289.08pt x 191.9672pt>
File: figs/dise/Hexy.png Graphic file (type png)

<use figs/dise/Hexy.png>
Overfull \hbox (99.22832pt too wide) in paragraph at lines 21--21
[] [] 
 []

<figs/dise/Lixy.png, id=551, 283.81032pt x 204.01219pt>
File: figs/dise/Lixy.png Graphic file (type png)

<use figs/dise/Lixy.png>
Overfull \hbox (110.5244pt too wide) in paragraph at lines 22--22
[] [] 
 []

[11 <./figs/dise/Hexy.png> <./figs/dise/Lixy.png>]
<figs/dise/sim.pdf, id=572, 597.23125pt x 845.1575pt>
File: figs/dise/sim.pdf Graphic file (type pdf)
 <use figs/dise/sim.pdf>
[12 <./figs/dise/sim.pdf>] <figs/dise/tau.pdf, id=595, 505.89pt x 722.7pt>
File: figs/dise/tau.pdf Graphic file (type pdf)

<use figs/dise/tau.pdf> <figs/dise/relax.png, id=600, 1706.375pt x 1204.5pt>
File: figs/dise/relax.png Graphic file (type png)

<use figs/dise/relax.png> [13]

LaTeX Warning: Text page 14 contains only floats.

[14 <./figs/dise/tau.pdf> <./figs/dise/relax.png>]
<figs/dise/rovsT.png, id=628, 521.69907pt x 364.36125pt>
File: figs/dise/rovsT.png Graphic file (type png)

<use figs/dise/rovsT.png> <figs/dise/rvst.pdf, id=632, 505.89pt x 722.7pt>
File: figs/dise/rvst.pdf Graphic file (type pdf)

<use figs/dise/rvst.pdf> [15 <./figs/dise/rovsT.png (PNG copy)>]
<figs/dise/RvsTvsQ_200nm.pdf, id=643, 505.89pt x 722.7pt>
File: figs/dise/RvsTvsQ_200nm.pdf Graphic file (type pdf)

<use figs/dise/RvsTvsQ_200nm.pdf>
Overfull \hbox (83.47702pt too wide) in paragraph at lines 123--123
[] [] 
 []

<figs/dise/RvsTvsQ_800nm.pdf, id=644, 505.89pt x 722.7pt>
File: figs/dise/RvsTvsQ_800nm.pdf Graphic file (type pdf)

<use figs/dise/RvsTvsQ_800nm.pdf>
Overfull \hbox (83.47702pt too wide) in paragraph at lines 124--124
[] [] 
 []


Overfull \hbox (25.78258pt too wide) in paragraph at lines 122--125
[]  [][][][] 
 []


LaTeX Warning: `!h' float specifier changed to `!ht'.

[16 <./figs/dise/rvst.pdf>] [17 <./figs/dise/RvsTvsQ_200nm.pdf> <./figs/dise/Rv
sTvsQ_800nm.pdf>] <figs/dise/secuencia3.png, id=692, 956.57375pt x 303.1325pt>
File: figs/dise/secuencia3.png Graphic file (type png)

<use figs/dise/secuencia3.png> [18 <./figs/dise/secuencia3.png>]
<figs/dise/TvstxI.pdf, id=707, 506.89375pt x 723.70375pt>
File: figs/dise/TvstxI.pdf Graphic file (type pdf)

<use figs/dise/TvstxI.pdf> [19 <./figs/dise/TvstxI.pdf>]
<figs/dise/TvstxexI.pdf, id=717, 505.89pt x 722.7pt>
File: figs/dise/TvstxexI.pdf Graphic file (type pdf)

<use figs/dise/TvstxexI.pdf>
<figs/dise/signal.pdf, id=719, 505.89pt x 722.7pt>
File: figs/dise/signal.pdf Graphic file (type pdf)
 <use figs/dise/signal.pdf>

LaTeX Warning: `!h' float specifier changed to `!ht'.

<figs/dise/Tvst_Vest_200x1.pdf, id=723, 845.1575pt x 597.23125pt>
File: figs/dise/Tvst_Vest_200x1.pdf Graphic file (type pdf)

<use figs/dise/Tvst_Vest_200x1.pdf> [20 <./figs/dise/TvstxexI.pdf>]
<figs/dise/Ivst_200x1_Vest.pdf, id=740, 505.89pt x 722.7pt>
File: figs/dise/Ivst_200x1_Vest.pdf Graphic file (type pdf)

<use figs/dise/Ivst_200x1_Vest.pdf> [21 <./figs/dise/signal.pdf>] [22 <./figs/d
ise/Tvst_Vest_200x1.pdf, page is rotated 90 degrees>] [23 <./figs/dise/Ivst_200
x1_Vest.pdf>]
<figs/dise/Avsd_perpendicular.pdf, id=786, 845.1575pt x 597.23125pt>
File: figs/dise/Avsd_perpendicular.pdf Graphic file (type pdf)

<use figs/dise/Avsd_perpendicular.pdf> [24 <./figs/dise/Avsd_perpendicular.pdf,
 page is rotated 90 degrees>]
<figs/dise/Avsd_paralelo.pdf, id=800, 845.1575pt x 597.23125pt>
File: figs/dise/Avsd_paralelo.pdf Graphic file (type pdf)

<use figs/dise/Avsd_paralelo.pdf> [25 <./figs/dise/Avsd_paralelo.pdf, page is r
otated 90 degrees>]) [26]
\openout2 = `./Caps/evap.aux'.

 (./Caps/evap.tex
Cap\'{\i }tulo 3.

Package hyperref Warning: Token not allowed in a PDF string (PDFDocEncoding):
(hyperref)                removing `math shift' on input line 1.


Package hyperref Warning: Token not allowed in a PDF string (PDFDocEncoding):
(hyperref)                removing `subscript' on input line 1.


Package hyperref Warning: Token not allowed in a PDF string (PDFDocEncoding):
(hyperref)                removing `math shift' on input line 1.

<figs/evap/evaporadora1.jpeg, id=823, 446.41782pt x 390.70969pt>
File: figs/evap/evaporadora1.jpeg Graphic file (type jpg)

<use figs/evap/evaporadora1.jpeg>
<figs/evap/navetas.JPG, id=825, 1204.5pt x 740.0147pt>
File: figs/evap/navetas.JPG Graphic file (type jpg)

<use figs/evap/navetas.JPG> [27



] [28 <./figs/evap/evaporadora1.jpeg> <./figs/evap/navetas.JPG>] <figs/evap/tub
os.JPG, id=837, 1204.5pt x 627.09282pt>
File: figs/evap/tubos.JPG Graphic file (type jpg)

<use figs/evap/tubos.JPG> <figs/evap/mgb2bulk.pdf, id=839, 505.89pt x 722.7pt>
File: figs/evap/mgb2bulk.pdf Graphic file (type pdf)

<use figs/evap/mgb2bulk.pdf> [29 <./figs/evap/tubos.JPG>]

Package hyperref Warning: Token not allowed in a PDF string (PDFDocEncoding):
(hyperref)                removing `math shift' on input line 58.


Package hyperref Warning: Token not allowed in a PDF string (PDFDocEncoding):
(hyperref)                removing `subscript' on input line 58.


Package hyperref Warning: Token not allowed in a PDF string (PDFDocEncoding):
(hyperref)                removing `math shift' on input line 58.

<figs/evap/mgb2si.pdf, id=848, 505.89pt x 722.7pt>
File: figs/evap/mgb2si.pdf Graphic file (type pdf)
 <use figs/evap/mgb2si.pdf>

LaTeX Warning: `!h' float specifier changed to `!ht'.

[30 <./figs/evap/mgb2bulk.pdf>]
<figs/evap/mgb2zaf.pdf, id=862, 505.89pt x 722.7pt>
File: figs/evap/mgb2zaf.pdf Graphic file (type pdf)

<use figs/evap/mgb2zaf.pdf> [31 <./figs/evap/mgb2si.pdf> <./figs/evap/mgb2zaf.p
df>] <figs/evap/altura.pdf, id=886, 505.89pt x 722.7pt>
File: figs/evap/altura.pdf Graphic file (type pdf)

<use figs/evap/altura.pdf> [32 <./figs/evap/altura.pdf>]) [33]
\openout2 = `./Caps/sput.aux'.

 (./Caps/sput.tex
Cap\'{\i }tulo 4.

Package hyperref Warning: Token not allowed in a PDF string (PDFDocEncoding):
(hyperref)                removing `math shift' on input line 1.


Package hyperref Warning: Token not allowed in a PDF string (PDFDocEncoding):
(hyperref)                removing `subscript' on input line 1.


Package hyperref Warning: Token not allowed in a PDF string (PDFDocEncoding):
(hyperref)                removing `math shift' on input line 1.

[34



]

LaTeX Warning: Command \textordmasculine invalid in math mode on input line 28.


[35]
Overfull \hbox (7.18462pt too wide) in paragraph at lines 41--61
 [][] 
 []

[36]

Package hyperref Warning: Token not allowed in a PDF string (PDFDocEncoding):
(hyperref)                removing `math shift' on input line 75.


Package hyperref Warning: Token not allowed in a PDF string (PDFDocEncoding):
(hyperref)                removing `subscript' on input line 75.


Package hyperref Warning: Token not allowed in a PDF string (PDFDocEncoding):
(hyperref)                removing `math shift' on input line 75.

<figs/sput/evst.pdf, id=946, 505.89pt x 722.7pt>
File: figs/sput/evst.pdf Graphic file (type pdf)
 <use figs/sput/evst.pdf>
[37] [38 <./figs/sput/evst.pdf>]
<figs/sput/rayos10.pdf, id=967, 505.89pt x 722.7pt>
File: figs/sput/rayos10.pdf Graphic file (type pdf)

<use figs/sput/rayos10.pdf> [39 <./figs/sput/rayos10.pdf>]
<figs/sput/SEM.pdf, id=983, 505.89pt x 722.7pt>
File: figs/sput/SEM.pdf Graphic file (type pdf)
 <use figs/sput/SEM.pdf>
<figs/sput/fiteo.pdf, id=985, 505.89pt x 722.7pt>
File: figs/sput/fiteo.pdf Graphic file (type pdf)
 <use figs/sput/fiteo.pdf>
[40]

LaTeX Warning: `!h' float specifier changed to `!ht'.

<figs/sput/xvsp.pdf, id=998, 505.89pt x 722.7pt>
File: figs/sput/xvsp.pdf Graphic file (type pdf)
 <use figs/sput/xvsp.pdf>
[41 <./figs/sput/SEM.pdf>] [42 <./figs/sput/fiteo.pdf>]
<figs/sput/RBS.png, id=1018, 505.89pt x 722.7pt>
File: figs/sput/RBS.png Graphic file (type png)
 <use figs/sput/RBS.png>
[43 <./figs/sput/xvsp.pdf>] [44 <./figs/sput/RBS.png>]
Overfull \hbox (12.20848pt too wide) in paragraph at lines 225--225
[]\OT1/cmr/bx/n/14.4 Caracterizaci^^Son de las pro-pie-da-des magn^^Seti-cas y 
de trans-
 []

<figs/sput/BMB2S4B2_MvsT.pdf, id=1038, 845.1575pt x 597.23125pt>
File: figs/sput/BMB2S4B2_MvsT.pdf Graphic file (type pdf)

<use figs/sput/BMB2S4B2_MvsT.pdf> [45 <./figs/sput/BMB2S4B2_MvsT.pdf, page is r
otated 90 degrees>] <figs/sput/Rvst_BMB2S1B1.pdf, id=1048, 505.89pt x 722.7pt>
File: figs/sput/Rvst_BMB2S1B1.pdf Graphic file (type pdf)

<use figs/sput/Rvst_BMB2S1B1.pdf> [46 <./figs/sput/Rvst_BMB2S1B1.pdf>])
[47]
\openout2 = `./Caps/conclusiones.aux'.

 (./Caps/conclusiones.tex
Cap\'{\i }tulo 5.
[48



]) [49]
\openout2 = `./Apendice/tablas.aux'.

 (./Apendice/tablas.tex
Ap\'{e}ndice A.
[50



]

Package hyperref Warning: Token not allowed in a PDF string (PDFDocEncoding):
(hyperref)                removing `math shift' on input line 7.


Package hyperref Warning: Token not allowed in a PDF string (PDFDocEncoding):
(hyperref)                removing `subscript' on input line 7.


Package hyperref Warning: Token not allowed in a PDF string (PDFDocEncoding):
(hyperref)                removing `math shift' on input line 7.

[51] [52] [53]
Overfull \hbox (26.86623pt too wide) in paragraph at lines 143--153
[]  [] 
 []

[54] [55]
Overfull \hbox (26.86623pt too wide) in paragraph at lines 194--203
[]  [] 
 []

) [56] (./tesis.bbl
LaTeX Font Info:    Try loading font information for OMS+cmr on input line 13.
 (/usr/share/texmf-texlive/tex/latex/base/omscmr.fd
File: omscmr.fd 1999/05/25 v2.5h Standard LaTeX font definitions
)
LaTeX Font Info:    Font shape `OMS/cmr/m/n' in size <12> not available
(Font)              Font shape `OMS/cmsy/m/n' tried instead on input line 13.

Underfull \hbox (badness 10000) in paragraph at lines 11--15
[]\OT1/cmr/m/n/12 NIST.  Neu-tron scat-te-ri-ng lengths and cross sec-tions.
 []


Underfull \hbox (badness 3428) in paragraph at lines 42--50
[]\OT1/cmr/m/n/12 Smith, D. H., Gi-llett, G., de Al-mei-da, M. P., Bran-ciard, 
C., Fe-driz-
 []


Underfull \hbox (badness 2027) in paragraph at lines 42--50
\OT1/cmr/m/n/12 zi, A., Wein-hold, T. J., \OT1/cmr/m/it/12 et al.  \OT1/cmr/m/n
/12 Con-clu-si-ve quan-tum stee-ring with su-
 []


Underfull \hbox (badness 3375) in paragraph at lines 52--60
[]\OT1/cmr/m/n/12 Hilton, G. C., Mar-ti-nis, J. M., Wo-ll-man, D. A., Ir-win, K
. D., Dul-
 []


Underfull \hbox (badness 3219) in paragraph at lines 52--60
\OT1/cmr/m/n/12 cie, L. L., Ger-ber, D., \OT1/cmr/m/it/12 et al.  \OT1/cmr/m/n/
12 Im-pact energy mea-su-re-ment in time-
 []


Underfull \hbox (badness 4886) in paragraph at lines 52--60
\OT1/cmr/m/n/12 of-flight mass spec-tro-me-try with cr-yo-ge-nic mi-cro-ca-lo-r
i-me-ters.  \OT1/cmr/m/it/12 Na-tu-re\OT1/cmr/m/n/12 ,
 []


Underfull \hbox (badness 3872) in paragraph at lines 52--60
\OT1/cmr/bx/n/12 391 \OT1/cmr/m/n/12 (6668), 672--675, 1998.  URL []$\OT1/cmtt/
m/n/12 http : / / www . biomedsearch . com / nih /
 []

[57



]
Underfull \hbox (badness 1454) in paragraph at lines 108--115
[]\OT1/cmr/m/n/12 Naito, M., Ue-da, K.  Growth and Pro-per-ties of Su-per-con-d
uc-ting MgB2
 []


Underfull \hbox (badness 10000) in paragraph at lines 108--115
\OT1/cmr/m/n/12 URL []$\OT1/cmtt/m/n/12 http : / / stacks . iop . org / 0953-[]
2048 / 17 / i = 7 / a = R01 ? key = crossref .
 []


Underfull \hbox (badness 10000) in paragraph at lines 108--115
\OT1/cmtt/m/n/12 1acc5dcdcbab564a86e1cfe6fa09bdc8http : / / arxiv . org / abs /
 cond-[]mat /
 []


Underfull \hbox (badness 3460) in paragraph at lines 149--157
[]\OT1/cmr/m/n/12 Xi, X. X., Po-grebn-ya-kov, A. V., Zeng, X. H., Red-wing, J. 
M., Xu,
 []


Underfull \hbox (badness 6300) in paragraph at lines 149--157
\OT1/cmr/m/n/12 S. Y., Li, Q., \OT1/cmr/m/it/12 et al.  \OT1/cmr/m/n/12 Pro-gre
ss in the de-po-si-tion of MgB2 thin
 []


Underfull \hbox (badness 1412) in paragraph at lines 149--157
\OT1/cmr/m/n/12 films.  \OT1/cmr/m/it/12 Su-per-con-duc-tor Scien-ce and Te-ch-
no-logy\OT1/cmr/m/n/12 , \OT1/cmr/bx/n/12 17 \OT1/cmr/m/n/12 (5), S196--S201, m
a-yo
 []

[58] [59]) [60] [61




] [62] (./tesis.aux (./Resumen/resumen.aux)
(./Caps/intro.aux) (./Caps/dise.aux) (./Caps/evap.aux) (./Caps/sput.aux)
(./Caps/conclusiones.aux) (./Apendice/tablas.aux)) ) 
Here is how much of TeX's memory you used:
 9055 strings out of 494999
 128943 string characters out of 1180816
 234297 words of memory out of 3000000
 11706 multiletter control sequences out of 15000+50000
 27564 words of font info for 108 fonts, out of 3000000 for 9000
 54 hyphenation exceptions out of 8191
 45i,14n,51p,2547b,650s stack positions out of 5000i,500n,10000p,200000b,50000s
</usr/share/texmf-texlive/f
onts/type1/public/amsfonts/cm/cmbx10.pfb></usr/share/texmf-texlive/fonts/type1/
public/amsfonts/cm/cmbx12.pfb></usr/share/texmf-texlive/fonts/type1/public/amsf
onts/cm/cmex10.pfb></usr/share/texmf-texlive/fonts/type1/public/amsfonts/cm/cmm
i10.pfb></usr/share/texmf-texlive/fonts/type1/public/amsfonts/cm/cmmi12.pfb></u
sr/share/texmf-texlive/fonts/type1/public/amsfonts/cm/cmmi6.pfb></usr/share/tex
mf-texlive/fonts/type1/public/amsfonts/cm/cmmi7.pfb></usr/share/texmf-texlive/f
onts/type1/public/amsfonts/cm/cmmi8.pfb></usr/share/texmf-texlive/fonts/type1/p
ublic/amsfonts/cm/cmr10.pfb></usr/share/texmf-texlive/fonts/type1/public/amsfon
ts/cm/cmr12.pfb></usr/share/texmf-texlive/fonts/type1/public/amsfonts/cm/cmr17.
pfb></usr/share/texmf-texlive/fonts/type1/public/amsfonts/cm/cmr6.pfb></usr/sha
re/texmf-texlive/fonts/type1/public/amsfonts/cm/cmr7.pfb></usr/share/texmf-texl
ive/fonts/type1/public/amsfonts/cm/cmr8.pfb></usr/share/texmf-texlive/fonts/typ
e1/public/amsfonts/cm/cmss12.pfb></usr/share/texmf-texlive/fonts/type1/public/a
msfonts/cm/cmsy10.pfb></usr/share/texmf-texlive/fonts/type1/public/amsfonts/cm/
cmsy7.pfb></usr/share/texmf-texlive/fonts/type1/public/amsfonts/cm/cmsy8.pfb></
usr/share/texmf-texlive/fonts/type1/public/amsfonts/cm/cmti12.pfb></usr/share/t
exmf-texlive/fonts/type1/public/amsfonts/cm/cmtt12.pfb></usr/share/texmf-texliv
e/fonts/type1/public/amsfonts/symbols/msam10.pfb>
Output written on tesis.pdf (73 pages, 2185630 bytes).
PDF statistics:
 1318 PDF objects out of 1440 (max. 8388607)
 232 named destinations out of 1000 (max. 500000)
 488 words of extra memory for PDF output out of 10000 (max. 10000000)

