\BOOKMARK [0][-]{section*.1}{\315ndice de contenidos}{}
\BOOKMARK [0][-]{section*.3}{\315ndice de figuras}{}
\BOOKMARK [0][-]{section*.5}{\315ndice de tablas}{}
\BOOKMARK [0][-]{section*.7}{\315ndice de s\355mbolos}{}
\BOOKMARK [0][-]{section*.9}{Resumen}{}
\BOOKMARK [0][-]{chapter.1}{Introducci\363n}{}
\BOOKMARK [1][-]{section.1.1}{Motivaci\363n}{chapter.1}
\BOOKMARK [1][-]{section.1.2}{Algunas ideas sobre superconductividad}{chapter.1}
\BOOKMARK [1][-]{section.1.3}{Sensores superconductores de borde de transici\363n}{chapter.1}
\BOOKMARK [1][-]{section.1.4}{El superconductor MgB2}{chapter.1}
\BOOKMARK [1][-]{section.1.5}{Crecimiento de films de MgB2}{chapter.1}
\BOOKMARK [1][-]{section.1.6}{Objetivos y organizaci\363n de la tesis}{chapter.1}
\BOOKMARK [0][-]{chapter.2}{Dise\361o del detector}{}
\BOOKMARK [1][-]{section.2.1}{Respuesta t\351rmica del detector}{chapter.2}
\BOOKMARK [1][-]{section.2.2}{Se\361al del detector}{chapter.2}
\BOOKMARK [1][-]{section.2.3}{Acoplamiento t\351rmico-el\351ctrico}{chapter.2}
\BOOKMARK [2][-]{subsection.2.3.1}{Simulaciones a corriente constante}{section.2.3}
\BOOKMARK [2][-]{subsection.2.3.2}{Simulaciones a tensi\363n constante}{section.2.3}
\BOOKMARK [1][-]{section.2.4}{Eficiencia del detector}{chapter.2}
\BOOKMARK [0][-]{chapter.3}{Crecimiento de films de MgB2 por evaporaci\363n}{}
\BOOKMARK [1][-]{section.3.1}{Procedimiento}{chapter.3}
\BOOKMARK [1][-]{section.3.2}{Caracterizaci\363n de los films de MgB2}{chapter.3}
\BOOKMARK [1][-]{section.3.3}{An\341lisis del m\351todo}{chapter.3}
\BOOKMARK [0][-]{chapter.4}{Crecimiento de films de MgB2 por sputtering}{}
\BOOKMARK [1][-]{section.4.1}{Procedimiento}{chapter.4}
\BOOKMARK [1][-]{section.4.2}{Caracterizaci\363n de los films de MgB2}{chapter.4}
\BOOKMARK [2][-]{subsection.4.2.1}{Espesores y velocidad de crecimiento}{section.4.2}
\BOOKMARK [2][-]{subsection.4.2.2}{Caracterizaci\363n de la estructura cristalina por rayos X}{section.4.2}
\BOOKMARK [2][-]{subsection.4.2.3}{Caracterizaci\363n de la composici\363n por EDX}{section.4.2}
\BOOKMARK [2][-]{subsection.4.2.4}{Caracterizaci\363n de la composici\363n por RBS}{section.4.2}
\BOOKMARK [2][-]{subsection.4.2.5}{Caracterizaci\363n de las propiedades magn\351ticas y de transporte}{section.4.2}
\BOOKMARK [1][-]{section.4.3}{An\341lisis del m\351todo}{chapter.4}
\BOOKMARK [0][-]{chapter.5}{Conclusiones}{}
\BOOKMARK [0][-]{appendix.A}{Tablas de calor espec\355fico, conductividad t\351rmica y el\351ctrica utilizadas en las simulaciones por elementos finitos}{}
\BOOKMARK [1][-]{section.A.1}{Propiedades f\355sicas del MgB2}{appendix.A}
\BOOKMARK [1][-]{section.A.2}{Propiedades f\355sicas del silicio}{appendix.A}
\BOOKMARK [1][-]{section.A.3}{Propiedades f\355sicas del zafiro}{appendix.A}
\BOOKMARK [0][-]{section*.63}{Bibliograf\355a}{}
\BOOKMARK [0][-]{section*.65}{Agradecimientos}{}
